[debug] [2022-11-28T15:35:56.064Z] ----------------------------------------------------------------------
[debug] [2022-11-28T15:35:56.070Z] Command:       C:\Program Files\nodejs\node.exe C:\Users\WALTON N41\AppData\Roaming\npm\node_modules\firebase-tools\lib\bin\firebase.js deploy
[debug] [2022-11-28T15:35:56.070Z] CLI Version:   10.2.0
[debug] [2022-11-28T15:35:56.071Z] Platform:      win32
[debug] [2022-11-28T15:35:56.071Z] Node Version:  v16.13.2
[debug] [2022-11-28T15:35:56.079Z] Time:          Mon Nov 28 2022 21:35:56 GMT+0600 (Bangladesh Standard Time)
[debug] [2022-11-28T15:35:56.080Z] ----------------------------------------------------------------------
[debug] 
[debug] [2022-11-28T15:35:56.087Z] >>> [apiv2][query] GET https://firebase-public.firebaseio.com/cli.json [none]
[debug] [2022-11-28T15:35:56.299Z] > command requires scopes: ["email","openid","https://www.googleapis.com/auth/cloudplatformprojects.readonly","https://www.googleapis.com/auth/firebase","https://www.googleapis.com/auth/cloud-platform"]
[debug] [2022-11-28T15:35:56.300Z] > authorizing via signed-in user (alimsiddique04@gmail.com)
[debug] [2022-11-28T15:35:56.301Z] [iam] checking project nri-kantha for permissions ["firebase.projects.get","firebasehosting.sites.update"]
[debug] [2022-11-28T15:35:56.303Z] > refreshing access token with scopes: []
[debug] [2022-11-28T15:35:56.304Z] >>> HTTP REQUEST POST https://www.googleapis.com/oauth2/v3/token  
 <request body omitted>
[debug] [2022-11-28T15:35:57.028Z] <<< HTTP RESPONSE 400 {"cache-control":"no-cache, no-store, max-age=0, must-revalidate","date":"Mon, 28 Nov 2022 15:35:41 GMT","pragma":"no-cache","expires":"Mon, 01 Jan 1990 00:00:00 GMT","content-type":"application/json; charset=utf-8","vary":"X-Origin, Referer, Origin,Accept-Encoding","server":"scaffolding on HTTPServer2","x-xss-protection":"0","x-frame-options":"SAMEORIGIN","x-content-type-options":"nosniff","alt-svc":"h3=\":443\"; ma=2592000,h3-29=\":443\"; ma=2592000,h3-Q050=\":443\"; ma=2592000,h3-Q046=\":443\"; ma=2592000,h3-Q043=\":443\"; ma=2592000,quic=\":443\"; ma=2592000; v=\"46,43\"","accept-ranges":"none","transfer-encoding":"chunked"}
[debug] [2022-11-28T15:35:57.030Z] >>> [apiv2][query] POST https://cloudresourcemanager.googleapis.com/v1/projects/nri-kantha:testIamPermissions [none]
[debug] [2022-11-28T15:35:57.031Z] >>> [apiv2][body] POST https://cloudresourcemanager.googleapis.com/v1/projects/nri-kantha:testIamPermissions {"permissions":["firebase.projects.get","firebasehosting.sites.update"]}
[debug] [2022-11-28T15:35:57.442Z] <<< [apiv2][status] GET https://firebase-public.firebaseio.com/cli.json 200
[debug] [2022-11-28T15:35:57.443Z] <<< [apiv2][body] GET https://firebase-public.firebaseio.com/cli.json {"cloudBuildErrorAfter":1594252800000,"cloudBuildWarnAfter":1590019200000,"defaultNode10After":1594252800000,"minVersion":"3.0.5","node8DeploysDisabledAfter":1613390400000,"node8RuntimeDisabledAfter":1615809600000,"node8WarnAfter":1600128000000}
[debug] [2022-11-28T15:36:00.356Z] <<< [apiv2][status] POST https://cloudresourcemanager.googleapis.com/v1/projects/nri-kantha:testIamPermissions 401
[debug] [2022-11-28T15:36:00.357Z] <<< [apiv2][body] POST https://cloudresourcemanager.googleapis.com/v1/projects/nri-kantha:testIamPermissions {"error":{"code":401,"message":"Request had invalid authentication credentials. Expected OAuth 2 access token, login cookie or other valid authentication credential. See https://developers.google.com/identity/sign-in/web/devconsole-project.","status":"UNAUTHENTICATED","details":[{"@type":"type.googleapis.com/google.rpc.ErrorInfo","reason":"ACCESS_TOKEN_TYPE_UNSUPPORTED","metadata":{"service":"cloudresourcemanager.googleapis.com","method":"google.cloudresourcemanager.v1.Projects.TestIamPermissions"}}]}}
[debug] [2022-11-28T15:36:00.359Z] [iam] error while checking permissions, command may fail: FirebaseError: HTTP Error: 401, Request had invalid authentication credentials. Expected OAuth 2 access token, login cookie or other valid authentication credential. See https://developers.google.com/identity/sign-in/web/devconsole-project.
[debug] [2022-11-28T15:36:00.362Z] > refreshing access token with scopes: []
[debug] [2022-11-28T15:36:00.363Z] >>> HTTP REQUEST POST https://www.googleapis.com/oauth2/v3/token  
 <request body omitted>
[debug] [2022-11-28T15:36:00.646Z] <<< HTTP RESPONSE 400 {"cache-control":"no-cache, no-store, max-age=0, must-revalidate","pragma":"no-cache","expires":"Mon, 01 Jan 1990 00:00:00 GMT","date":"Mon, 28 Nov 2022 15:35:45 GMT","content-type":"application/json; charset=utf-8","vary":"X-Origin, Referer, Origin,Accept-Encoding","server":"scaffolding on HTTPServer2","x-xss-protection":"0","x-frame-options":"SAMEORIGIN","x-content-type-options":"nosniff","alt-svc":"h3=\":443\"; ma=2592000,h3-29=\":443\"; ma=2592000,h3-Q050=\":443\"; ma=2592000,h3-Q046=\":443\"; ma=2592000,h3-Q043=\":443\"; ma=2592000,quic=\":443\"; ma=2592000; v=\"46,43\"","accept-ranges":"none","transfer-encoding":"chunked"}
[debug] [2022-11-28T15:36:00.649Z] >>> [apiv2][query] GET https://firebase.googleapis.com/v1beta1/projects/nri-kantha [none]
[debug] [2022-11-28T15:36:01.502Z] <<< [apiv2][status] GET https://firebase.googleapis.com/v1beta1/projects/nri-kantha 401
[debug] [2022-11-28T15:36:01.503Z] <<< [apiv2][body] GET https://firebase.googleapis.com/v1beta1/projects/nri-kantha {"error":{"code":401,"message":"Request had invalid authentication credentials. Expected OAuth 2 access token, login cookie or other valid authentication credential. See https://developers.google.com/identity/sign-in/web/devconsole-project.","status":"UNAUTHENTICATED"}}
[debug] [2022-11-28T15:36:01.503Z] HTTP Error: 401, Request had invalid authentication credentials. Expected OAuth 2 access token, login cookie or other valid authentication credential. See https://developers.google.com/identity/sign-in/web/devconsole-project.
[debug] [2022-11-28T15:36:11.732Z] ----------------------------------------------------------------------
[debug] [2022-11-28T15:36:11.737Z] Command:       C:\Program Files\nodejs\node.exe C:\Users\WALTON N41\AppData\Roaming\npm\node_modules\firebase-tools\lib\bin\firebase.js deploy
[debug] [2022-11-28T15:36:11.739Z] CLI Version:   10.2.0
[debug] [2022-11-28T15:36:11.739Z] Platform:      win32
[debug] [2022-11-28T15:36:11.739Z] Node Version:  v16.13.2
[debug] [2022-11-28T15:36:11.741Z] Time:          Mon Nov 28 2022 21:36:11 GMT+0600 (Bangladesh Standard Time)
[debug] [2022-11-28T15:36:11.742Z] ----------------------------------------------------------------------
[debug] 
[debug] [2022-11-28T15:36:11.918Z] > command requires scopes: ["email","openid","https://www.googleapis.com/auth/cloudplatformprojects.readonly","https://www.googleapis.com/auth/firebase","https://www.googleapis.com/auth/cloud-platform"]
[debug] [2022-11-28T15:36:11.919Z] > authorizing via signed-in user (alimsiddique04@gmail.com)
[debug] [2022-11-28T15:36:11.919Z] [iam] checking project nri-kantha for permissions ["firebase.projects.get","firebasehosting.sites.update"]
[debug] [2022-11-28T15:36:11.922Z] > refreshing access token with scopes: []
[debug] [2022-11-28T15:36:11.924Z] >>> HTTP REQUEST POST https://www.googleapis.com/oauth2/v3/token  
 <request body omitted>
[debug] [2022-11-28T15:36:12.833Z] <<< HTTP RESPONSE 400 {"date":"Mon, 28 Nov 2022 15:35:57 GMT","cache-control":"no-cache, no-store, max-age=0, must-revalidate","expires":"Mon, 01 Jan 1990 00:00:00 GMT","pragma":"no-cache","content-type":"application/json; charset=utf-8","vary":"X-Origin, Referer, Origin,Accept-Encoding","server":"scaffolding on HTTPServer2","x-xss-protection":"0","x-frame-options":"SAMEORIGIN","x-content-type-options":"nosniff","alt-svc":"h3=\":443\"; ma=2592000,h3-29=\":443\"; ma=2592000,h3-Q050=\":443\"; ma=2592000,h3-Q046=\":443\"; ma=2592000,h3-Q043=\":443\"; ma=2592000,quic=\":443\"; ma=2592000; v=\"46,43\"","accept-ranges":"none","transfer-encoding":"chunked"}
[debug] [2022-11-28T15:36:12.838Z] >>> [apiv2][query] POST https://cloudresourcemanager.googleapis.com/v1/projects/nri-kantha:testIamPermissions [none]
[debug] [2022-11-28T15:36:12.839Z] >>> [apiv2][body] POST https://cloudresourcemanager.googleapis.com/v1/projects/nri-kantha:testIamPermissions {"permissions":["firebase.projects.get","firebasehosting.sites.update"]}
[debug] [2022-11-28T15:36:15.038Z] <<< [apiv2][status] POST https://cloudresourcemanager.googleapis.com/v1/projects/nri-kantha:testIamPermissions 401
[debug] [2022-11-28T15:36:15.039Z] <<< [apiv2][body] POST https://cloudresourcemanager.googleapis.com/v1/projects/nri-kantha:testIamPermissions {"error":{"code":401,"message":"Request had invalid authentication credentials. Expected OAuth 2 access token, login cookie or other valid authentication credential. See https://developers.google.com/identity/sign-in/web/devconsole-project.","status":"UNAUTHENTICATED","details":[{"@type":"type.googleapis.com/google.rpc.ErrorInfo","reason":"ACCESS_TOKEN_TYPE_UNSUPPORTED","metadata":{"method":"google.cloudresourcemanager.v1.Projects.TestIamPermissions","service":"cloudresourcemanager.googleapis.com"}}]}}
[debug] [2022-11-28T15:36:15.040Z] [iam] error while checking permissions, command may fail: FirebaseError: HTTP Error: 401, Request had invalid authentication credentials. Expected OAuth 2 access token, login cookie or other valid authentication credential. See https://developers.google.com/identity/sign-in/web/devconsole-project.
[debug] [2022-11-28T15:36:15.040Z] > refreshing access token with scopes: []
[debug] [2022-11-28T15:36:15.041Z] >>> HTTP REQUEST POST https://www.googleapis.com/oauth2/v3/token  
 <request body omitted>
[debug] [2022-11-28T15:36:15.354Z] <<< HTTP RESPONSE 400 {"cache-control":"no-cache, no-store, max-age=0, must-revalidate","date":"Mon, 28 Nov 2022 15:35:59 GMT","expires":"Mon, 01 Jan 1990 00:00:00 GMT","pragma":"no-cache","content-type":"application/json; charset=utf-8","vary":"X-Origin, Referer, Origin,Accept-Encoding","server":"scaffolding on HTTPServer2","x-xss-protection":"0","x-frame-options":"SAMEORIGIN","x-content-type-options":"nosniff","alt-svc":"h3=\":443\"; ma=2592000,h3-29=\":443\"; ma=2592000,h3-Q050=\":443\"; ma=2592000,h3-Q046=\":443\"; ma=2592000,h3-Q043=\":443\"; ma=2592000,quic=\":443\"; ma=2592000; v=\"46,43\"","accept-ranges":"none","transfer-encoding":"chunked"}
[debug] [2022-11-28T15:36:15.359Z] >>> [apiv2][query] GET https://firebase.googleapis.com/v1beta1/projects/nri-kantha [none]
[debug] [2022-11-28T15:36:16.611Z] <<< [apiv2][status] GET https://firebase.googleapis.com/v1beta1/projects/nri-kantha 401
[debug] [2022-11-28T15:36:16.612Z] <<< [apiv2][body] GET https://firebase.googleapis.com/v1beta1/projects/nri-kantha {"error":{"code":401,"message":"Request had invalid authentication credentials. Expected OAuth 2 access token, login cookie or other valid authentication credential. See https://developers.google.com/identity/sign-in/web/devconsole-project.","status":"UNAUTHENTICATED"}}
[debug] [2022-11-28T15:36:16.613Z] HTTP Error: 401, Request had invalid authentication credentials. Expected OAuth 2 access token, login cookie or other valid authentication credential. See https://developers.google.com/identity/sign-in/web/devconsole-project.
[debug] [2022-11-28T15:36:19.327Z] FirebaseError: HTTP Error: 401, Request had invalid authentication credentials. Expected OAuth 2 access token, login cookie or other valid authentication credential. See https://developers.google.com/identity/sign-in/web/devconsole-project.
    at module.exports (C:\Users\WALTON N41\AppData\Roaming\npm\node_modules\firebase-tools\lib\responseToError.js:38:12)
    at RetryOperation._fn (C:\Users\WALTON N41\AppData\Roaming\npm\node_modules\firebase-tools\lib\apiv2.js:283:39)
    at processTicksAndRejections (node:internal/process/task_queues:96:5)
[error] 
[error] Error: Failed to get Firebase project nri-kantha. Please make sure the project exists and your account has permission to access it.
[debug] [2022-11-28T15:36:51.053Z] ----------------------------------------------------------------------
[debug] [2022-11-28T15:36:51.057Z] Command:       C:\Program Files\nodejs\node.exe C:\Users\WALTON N41\AppData\Roaming\npm\node_modules\firebase-tools\lib\bin\firebase.js deploy
[debug] [2022-11-28T15:36:51.058Z] CLI Version:   10.2.0
[debug] [2022-11-28T15:36:51.059Z] Platform:      win32
[debug] [2022-11-28T15:36:51.059Z] Node Version:  v16.13.2
[debug] [2022-11-28T15:36:51.061Z] Time:          Mon Nov 28 2022 21:36:51 GMT+0600 (Bangladesh Standard Time)
[debug] [2022-11-28T15:36:51.062Z] ----------------------------------------------------------------------
[debug] 
[debug] [2022-11-28T15:36:51.222Z] > command requires scopes: ["email","openid","https://www.googleapis.com/auth/cloudplatformprojects.readonly","https://www.googleapis.com/auth/firebase","https://www.googleapis.com/auth/cloud-platform"]
[debug] [2022-11-28T15:36:51.223Z] > authorizing via signed-in user (alimsiddique04@gmail.com)
[debug] [2022-11-28T15:36:51.224Z] [iam] checking project nri-kantha for permissions ["firebase.projects.get","firebasehosting.sites.update"]
[debug] [2022-11-28T15:36:51.227Z] > refreshing access token with scopes: []
[debug] [2022-11-28T15:36:51.229Z] >>> HTTP REQUEST POST https://www.googleapis.com/oauth2/v3/token  
 <request body omitted>
[debug] [2022-11-28T15:36:52.855Z] <<< HTTP RESPONSE 400 {"expires":"Mon, 01 Jan 1990 00:00:00 GMT","pragma":"no-cache","cache-control":"no-cache, no-store, max-age=0, must-revalidate","date":"Mon, 28 Nov 2022 15:36:37 GMT","content-type":"application/json; charset=utf-8","vary":"X-Origin, Referer, Origin,Accept-Encoding","server":"scaffolding on HTTPServer2","x-xss-protection":"0","x-frame-options":"SAMEORIGIN","x-content-type-options":"nosniff","alt-svc":"h3=\":443\"; ma=2592000,h3-29=\":443\"; ma=2592000,h3-Q050=\":443\"; ma=2592000,h3-Q046=\":443\"; ma=2592000,h3-Q043=\":443\"; ma=2592000,quic=\":443\"; ma=2592000; v=\"46,43\"","accept-ranges":"none","transfer-encoding":"chunked"}
[debug] [2022-11-28T15:36:52.867Z] >>> [apiv2][query] POST https://cloudresourcemanager.googleapis.com/v1/projects/nri-kantha:testIamPermissions [none]
[debug] [2022-11-28T15:36:52.868Z] >>> [apiv2][body] POST https://cloudresourcemanager.googleapis.com/v1/projects/nri-kantha:testIamPermissions {"permissions":["firebase.projects.get","firebasehosting.sites.update"]}
[debug] [2022-11-28T15:36:55.602Z] <<< [apiv2][status] POST https://cloudresourcemanager.googleapis.com/v1/projects/nri-kantha:testIamPermissions 401
[debug] [2022-11-28T15:36:55.602Z] <<< [apiv2][body] POST https://cloudresourcemanager.googleapis.com/v1/projects/nri-kantha:testIamPermissions {"error":{"code":401,"message":"Request had invalid authentication credentials. Expected OAuth 2 access token, login cookie or other valid authentication credential. See https://developers.google.com/identity/sign-in/web/devconsole-project.","status":"UNAUTHENTICATED","details":[{"@type":"type.googleapis.com/google.rpc.ErrorInfo","reason":"ACCESS_TOKEN_TYPE_UNSUPPORTED","metadata":{"method":"google.cloudresourcemanager.v1.Projects.TestIamPermissions","service":"cloudresourcemanager.googleapis.com"}}]}}
[debug] [2022-11-28T15:36:55.603Z] [iam] error while checking permissions, command may fail: FirebaseError: HTTP Error: 401, Request had invalid authentication credentials. Expected OAuth 2 access token, login cookie or other valid authentication credential. See https://developers.google.com/identity/sign-in/web/devconsole-project.
[debug] [2022-11-28T15:36:55.604Z] > refreshing access token with scopes: []
[debug] [2022-11-28T15:36:55.605Z] >>> HTTP REQUEST POST https://www.googleapis.com/oauth2/v3/token  
 <request body omitted>
[debug] [2022-11-28T15:36:56.018Z] <<< HTTP RESPONSE 400 {"expires":"Mon, 01 Jan 1990 00:00:00 GMT","cache-control":"no-cache, no-store, max-age=0, must-revalidate","date":"Mon, 28 Nov 2022 15:36:40 GMT","pragma":"no-cache","content-type":"application/json; charset=utf-8","vary":"X-Origin, Referer, Origin,Accept-Encoding","server":"scaffolding on HTTPServer2","x-xss-protection":"0","x-frame-options":"SAMEORIGIN","x-content-type-options":"nosniff","alt-svc":"h3=\":443\"; ma=2592000,h3-29=\":443\"; ma=2592000,h3-Q050=\":443\"; ma=2592000,h3-Q046=\":443\"; ma=2592000,h3-Q043=\":443\"; ma=2592000,quic=\":443\"; ma=2592000; v=\"46,43\"","accept-ranges":"none","transfer-encoding":"chunked"}
[debug] [2022-11-28T15:36:56.021Z] >>> [apiv2][query] GET https://firebase.googleapis.com/v1beta1/projects/nri-kantha [none]
[debug] [2022-11-28T15:36:57.840Z] <<< [apiv2][status] GET https://firebase.googleapis.com/v1beta1/projects/nri-kantha 401
[debug] [2022-11-28T15:36:57.840Z] <<< [apiv2][body] GET https://firebase.googleapis.com/v1beta1/projects/nri-kantha {"error":{"code":401,"message":"Request had invalid authentication credentials. Expected OAuth 2 access token, login cookie or other valid authentication credential. See https://developers.google.com/identity/sign-in/web/devconsole-project.","status":"UNAUTHENTICATED"}}
[debug] [2022-11-28T15:36:57.841Z] HTTP Error: 401, Request had invalid authentication credentials. Expected OAuth 2 access token, login cookie or other valid authentication credential. See https://developers.google.com/identity/sign-in/web/devconsole-project.
[debug] [2022-11-28T15:36:58.636Z] FirebaseError: HTTP Error: 401, Request had invalid authentication credentials. Expected OAuth 2 access token, login cookie or other valid authentication credential. See https://developers.google.com/identity/sign-in/web/devconsole-project.
    at module.exports (C:\Users\WALTON N41\AppData\Roaming\npm\node_modules\firebase-tools\lib\responseToError.js:38:12)
    at RetryOperation._fn (C:\Users\WALTON N41\AppData\Roaming\npm\node_modules\firebase-tools\lib\apiv2.js:283:39)
    at processTicksAndRejections (node:internal/process/task_queues:96:5)
[error] 
[error] Error: Failed to get Firebase project nri-kantha. Please make sure the project exists and your account has permission to access it.
